<?xml version="1.0" encoding="UTF-8"?>
<!-- Generated by org.testng.reporters.JUnitReportReporter -->
<testsuite hostname="DESKTOP-FAQC21C" failures="0" tests="1" name="script.Test2" time="8.181" errors="0" timestamp="2023-06-23T07:53:25 IST" skipped="0">
  <testcase classname="script.Test2" name="test1" time="8.181">
    <system-out>
      <![CDATA[test1...]]>
    </system-out>
  </testcase> <!-- test1 -->
  <system-out>
    <![CDATA[test1...
test1...
test1...]]>
  </system-out>
</testsuite> <!-- script.Test2 -->
