<?xml version="1.0" encoding="UTF-8"?>
<!-- Generated by org.testng.reporters.JUnitReportReporter -->
<testsuite hostname="DESKTOP-FAQC21C" failures="0" tests="1" name="script.Test3" time="6.770" errors="0" timestamp="2023-06-23T07:53:25 IST" skipped="0">
  <testcase classname="script.Test3" name="test3" time="6.770">
    <system-out>
      <![CDATA[test1...]]>
    </system-out>
  </testcase> <!-- test3 -->
  <system-out>
    <![CDATA[test1...
test1...
test1...]]>
  </system-out>
</testsuite> <!-- script.Test3 -->
