<?xml version="1.0" encoding="UTF-8"?>
<!-- Generated by org.testng.reporters.JUnitReportReporter -->
<testsuite hostname="DESKTOP-FAQC21C" failures="0" tests="1" name="script.Test1" time="12.585" errors="0" timestamp="2023-06-23T08:33:39 IST" skipped="0">
  <testcase classname="script.Test1" name="test1" time="12.585">
    <system-out>
      <![CDATA[bhanu
test1...]]>
    </system-out>
  </testcase> <!-- test1 -->
  <system-out>
    <![CDATA[bhanu
test1...]]>
  </system-out>
</testsuite> <!-- script.Test1 -->
